114.04.15 09:33 B \\eserver\anstravel\includes\tabs\jquery.ui.core.js --> ekant.com /wwwroot/anstravel/includes/tabs jquery.ui.core.js
114.04.15 09:33 B \\eserver\anstravel\includes\tabs\jquery.validate.pack.js --> ekant.com /wwwroot/anstravel/includes/tabs jquery.validate.pack.js
114.04.15 09:33 B \\eserver\anstravel\includes\tabs\jquery-1.7.1.min.js --> ekant.com /wwwroot/anstravel/includes/tabs jquery-1.7.1.min.js
114.04.15 09:33 B \\eserver\anstravel\includes\tabs\jquery-ui.css --> ekant.com /wwwroot/anstravel/includes/tabs jquery-ui.css
114.04.19 17:09 B \\eserver\anstravel\includes\tabs\jquery-ui.css --> ekant.com /wwwroot/ANSTravel/includes/tabs jquery-ui.css
114.04.21 12:45 B \\eserver\anstravel\includes\tabs\jquery-ui.css --> ekant.com /wwwroot/anstravel/includes/tabs jquery-ui.css
114.06.20 15:47 B \\eserver\udyogi\includes\tabs\jquery.min.js --> ekant.in /public_html/udyogi/includes/tabs jquery.min.js
114.06.20 15:48 B \\eserver\udyogi\includes\tabs\jquery.ui.core.js --> ekant.in /public_html/udyogi/includes/tabs jquery.ui.core.js
114.06.20 15:48 B \\eserver\udyogi\includes\tabs\jquery.validate.pack.js --> ekant.in /public_html/udyogi/includes/tabs jquery.validate.pack.js
114.06.20 15:48 B \\eserver\udyogi\includes\tabs\jquery-1.7.1.min.js --> ekant.in /public_html/udyogi/includes/tabs jquery-1.7.1.min.js
114.06.20 15:48 B \\eserver\udyogi\includes\tabs\jquery-ui.css --> ekant.in /public_html/udyogi/includes/tabs jquery-ui.css
114.06.20 15:48 B \\eserver\udyogi\includes\tabs\ws_ftp.log --> ekant.in /public_html/udyogi/includes/tabs ws_ftp.log
114.06.21 15:04 B \\eserver\udyogi\includes\tabs\jquery.min.js --> ekant.in /public_html/udyogi/includes/tabs jquery.min.js
114.06.21 15:04 B \\eserver\udyogi\includes\tabs\jquery.ui.core.js --> ekant.in /public_html/udyogi/includes/tabs jquery.ui.core.js
114.06.21 15:04 B \\eserver\udyogi\includes\tabs\jquery.validate.pack.js --> ekant.in /public_html/udyogi/includes/tabs jquery.validate.pack.js
114.06.21 15:04 B \\eserver\udyogi\includes\tabs\jquery-1.7.1.min.js --> ekant.in /public_html/udyogi/includes/tabs jquery-1.7.1.min.js
114.06.21 15:04 B \\eserver\udyogi\includes\tabs\jquery-ui.css --> ekant.in /public_html/udyogi/includes/tabs jquery-ui.css
114.06.21 15:04 B \\eserver\udyogi\includes\tabs\loading.gif --> ekant.in /public_html/udyogi/includes/tabs loading.gif
114.06.21 15:04 B \\eserver\udyogi\includes\tabs\shade.gif --> ekant.in /public_html/udyogi/includes/tabs shade.gif
114.06.21 15:04 B \\eserver\udyogi\includes\tabs\shade_on.gif --> ekant.in /public_html/udyogi/includes/tabs shade_on.gif
114.06.21 15:04 B \\eserver\udyogi\includes\tabs\Thumbs.db --> ekant.in /public_html/udyogi/includes/tabs Thumbs.db
114.06.21 15:04 B \\eserver\udyogi\includes\tabs\ws_ftp.log --> ekant.in /public_html/udyogi/includes/tabs ws_ftp.log
114.06.23 12:23 B \\eserver\udyogi\includes\tabs\jquery-ui.css --> ekant.in /public_html/udyogi/includes/tabs jquery-ui.css
